<?xml version="1.0" encoding="UTF-8"?>
<!-- Generated by org.testng.reporters.JUnitReportReporter -->
<testsuite hostname="DESKTOP-0RNRBME" failures="0" tests="1" name="com.w2a.utilities.TestUtil" time="72.124" errors="1" timestamp="2024-02-08T11:55:40 IST" skipped="0">
  <testcase classname="com.w2a.utilities.TestUtil" name="setUp" time="72.124">
    <error message="session not created: DevToolsActivePort file doesn&#039;t exist
Build info: version: &#039;3.141.59&#039;, revision: &#039;e82be7d358&#039;, time: &#039;2018-11-14T08:17:03&#039;
System info: host: &#039;DESKTOP-0RNRBME&#039;, ip: &#039;192.168.218.230&#039;, os.name: &#039;Windows 11&#039;, os.arch: &#039;amd64&#039;, os.version: &#039;10.0&#039;, java.version: &#039;21.0.1&#039;
Driver info: driver.version: ChromeDriver
remote stacktrace: 	GetHandleVerifier [0x00007FF61D515E42+3538674]
	(No symbol) [0x00007FF61D134C02]
	(No symbol) [0x00007FF61CFE5AEB]
	(No symbol) [0x00007FF61D01B13A]
	(No symbol) [0x00007FF61D014E7E]
	(No symbol) [0x00007FF61D0121C8]
	(No symbol) [0x00007FF61D0594B9]
	(No symbol) [0x00007FF61D04EE53]
	(No symbol) [0x00007FF61D01F514]
	(No symbol) [0x00007FF61D020631]
	GetHandleVerifier [0x00007FF61D546CAD+3738973]
	GetHandleVerifier [0x00007FF61D59C506+4089270]
	GetHandleVerifier [0x00007FF61D594823+4057299]
	GetHandleVerifier [0x00007FF61D265C49+720121]
	(No symbol) [0x00007FF61D14126F]
	(No symbol) [0x00007FF61D13C304]
	(No symbol) [0x00007FF61D13C432]
	(No symbol) [0x00007FF61D12BD04]
	BaseThreadInitThunk [0x00007FFFE53D257D+29]
	RtlUserThreadStart [0x00007FFFE6BAAA58+40]
" type="org.openqa.selenium.SessionNotCreatedException">
      <![CDATA[org.openqa.selenium.SessionNotCreatedException: session not created: DevToolsActivePort file doesn't exist
Build info: version: '3.141.59', revision: 'e82be7d358', time: '2018-11-14T08:17:03'
System info: host: 'DESKTOP-0RNRBME', ip: '192.168.218.230', os.name: 'Windows 11', os.arch: 'amd64', os.version: '10.0', java.version: '21.0.1'
Driver info: driver.version: ChromeDriver
remote stacktrace: GetHandleVerifier [0x00007FF61D515E42+3538674]
(No symbol) [0x00007FF61D134C02]
(No symbol) [0x00007FF61CFE5AEB]
(No symbol) [0x00007FF61D01B13A]
(No symbol) [0x00007FF61D014E7E]
(No symbol) [0x00007FF61D0121C8]
(No symbol) [0x00007FF61D0594B9]
(No symbol) [0x00007FF61D04EE53]
(No symbol) [0x00007FF61D01F514]
(No symbol) [0x00007FF61D020631]
GetHandleVerifier [0x00007FF61D546CAD+3738973]
GetHandleVerifier [0x00007FF61D59C506+4089270]
GetHandleVerifier [0x00007FF61D594823+4057299]
GetHandleVerifier [0x00007FF61D265C49+720121]
(No symbol) [0x00007FF61D14126F]
(No symbol) [0x00007FF61D13C304]
(No symbol) [0x00007FF61D13C432]
(No symbol) [0x00007FF61D12BD04]
BaseThreadInitThunk [0x00007FFFE53D257D+29]
RtlUserThreadStart [0x00007FFFE6BAAA58+40]

at java.base/jdk.internal.reflect.DirectConstructorHandleAccessor.newInstance(DirectConstructorHandleAccessor.java:62)
at java.base/java.lang.reflect.Constructor.newInstanceWithCaller(Constructor.java:502)
at java.base/java.lang.reflect.Constructor.newInstance(Constructor.java:486)
at org.openqa.selenium.remote.W3CHandshakeResponse.lambda$errorHandler$0(W3CHandshakeResponse.java:62)
at org.openqa.selenium.remote.HandshakeResponse.lambda$getResponseFunction$0(HandshakeResponse.java:30)
at org.openqa.selenium.remote.ProtocolHandshake.lambda$createSession$0(ProtocolHandshake.java:126)
at java.base/java.util.stream.ReferencePipeline$3$1.accept(ReferencePipeline.java:197)
at java.base/java.util.Spliterators$ArraySpliterator.tryAdvance(Spliterators.java:1034)
at java.base/java.util.stream.ReferencePipeline.forEachWithCancel(ReferencePipeline.java:129)
at java.base/java.util.stream.AbstractPipeline.copyIntoWithCancel(AbstractPipeline.java:527)
at java.base/java.util.stream.AbstractPipeline.copyInto(AbstractPipeline.java:513)
at java.base/java.util.stream.AbstractPipeline.wrapAndCopyInto(AbstractPipeline.java:499)
at java.base/java.util.stream.FindOps$FindOp.evaluateSequential(FindOps.java:150)
at java.base/java.util.stream.AbstractPipeline.evaluate(AbstractPipeline.java:234)
at java.base/java.util.stream.ReferencePipeline.findFirst(ReferencePipeline.java:647)
at org.openqa.selenium.remote.ProtocolHandshake.createSession(ProtocolHandshake.java:128)
at org.openqa.selenium.remote.ProtocolHandshake.createSession(ProtocolHandshake.java:74)
at org.openqa.selenium.remote.HttpCommandExecutor.execute(HttpCommandExecutor.java:136)
at org.openqa.selenium.remote.service.DriverCommandExecutor.execute(DriverCommandExecutor.java:83)
at org.openqa.selenium.remote.RemoteWebDriver.execute(RemoteWebDriver.java:552)
at org.openqa.selenium.remote.RemoteWebDriver.startSession(RemoteWebDriver.java:213)
at org.openqa.selenium.remote.RemoteWebDriver.<init>(RemoteWebDriver.java:131)
at org.openqa.selenium.chrome.ChromeDriver.<init>(ChromeDriver.java:181)
at org.openqa.selenium.chrome.ChromeDriver.<init>(ChromeDriver.java:168)
at org.openqa.selenium.chrome.ChromeDriver.<init>(ChromeDriver.java:123)
at com.w2a.base.TestBase.setUp(TestBase.java:129)
at java.base/jdk.internal.reflect.DirectMethodHandleAccessor.invoke(DirectMethodHandleAccessor.java:103)
at java.base/java.lang.reflect.Method.invoke(Method.java:580)
at org.testng.internal.invokers.MethodInvocationHelper.invokeMethod(MethodInvocationHelper.java:139)
at org.testng.internal.invokers.MethodInvocationHelper.invokeMethodConsideringTimeout(MethodInvocationHelper.java:69)
at org.testng.internal.invokers.ConfigInvoker.invokeConfigurationMethod(ConfigInvoker.java:393)
at org.testng.internal.invokers.ConfigInvoker.invokeConfigurations(ConfigInvoker.java:326)
at org.testng.SuiteRunner.privateRun(SuiteRunner.java:382)
at org.testng.SuiteRunner.run(SuiteRunner.java:336)
at org.testng.SuiteRunnerWorker.runSuite(SuiteRunnerWorker.java:52)
at org.testng.SuiteRunnerWorker.run(SuiteRunnerWorker.java:95)
at org.testng.TestNG.runSuitesSequentially(TestNG.java:1301)
at org.testng.TestNG.runSuitesLocally(TestNG.java:1228)
at org.testng.TestNG.runSuites(TestNG.java:1134)
at org.testng.TestNG.run(TestNG.java:1101)
at org.testng.remote.AbstractRemoteTestNG.run(AbstractRemoteTestNG.java:115)
at org.testng.remote.RemoteTestNG.initAndRun(RemoteTestNG.java:251)
at org.testng.remote.RemoteTestNG.main(RemoteTestNG.java:77)
]]>
    </error>
  </testcase> <!-- setUp -->
</testsuite> <!-- com.w2a.utilities.TestUtil -->
